生成启动时间为 2020/7/9 11:03:26。
     1>项目“E:\新建文件夹\PasswordInteraction\PasswordInteraction\PasswordInteraction.vcxproj”在节点 2 上(Build 个目标)。
     1>ClCompile:
         D:\ProgramFiles(x86)\Microsoft Visual Studio 11.0\VC\bin\CL.exe /c /ID:\Project\PasswordInteraction\PasswordInteraction\include /ZI /nologo /W3 /WX- /sdl /Od /Oy- /D WIN32 /D _DEBUG /D _WINDOWS /D _CRT_SECURE_NO_WARNINGS /D _UNICODE /D UNICODE /Gm /EHsc /RTC1 /MDd /GS /fp:precise /Zc:wchar_t /Zc:forScope /Yu"stdafx.h" /Fp"Debug\PasswordInteraction.pch" /Fo"Debug\\" /Fd"Debug\vc110.pdb" /Gd /TP /analyze- /errorReport:prompt PasswordInteraction.cpp
         PasswordInteraction.cpp
     1>e:\新建文件夹\passwordinteraction\passwordinteraction\passwordinteraction.cpp(135): warning C4101: “line”: 未引用的局部变量
     1>e:\新建文件夹\passwordinteraction\passwordinteraction\passwordinteraction.cpp(133): warning C4101: “slider”: 未引用的局部变量
     1>e:\新建文件夹\passwordinteraction\passwordinteraction\passwordinteraction.cpp(134): warning C4101: “slider_text”: 未引用的局部变量
     1>e:\新建文件夹\passwordinteraction\passwordinteraction\passwordinteraction.cpp(373): warning C4244: “参数”: 从“float”转换到“int”，可能丢失数据
       Link:
         D:\ProgramFiles(x86)\Microsoft Visual Studio 11.0\VC\bin\link.exe /ERRORREPORT:PROMPT /OUT:"E:\新建文件夹\PasswordInteraction\Debug\PasswordInteraction.exe" /INCREMENTAL /NOLOGO /LIBPATH:D:\Project\PasswordInteraction\PasswordInteraction\lib\x86 Leap.lib kernel32.lib user32.lib gdi32.lib winspool.lib comdlg32.lib advapi32.lib shell32.lib ole32.lib oleaut32.lib uuid.lib odbc32.lib odbccp32.lib /MANIFEST /MANIFESTUAC:"level='asInvoker' uiAccess='false'" /manifest:embed /DEBUG /PDB:"E:\新建文件夹\PasswordInteraction\Debug\PasswordInteraction.pdb" /SUBSYSTEM:WINDOWS /TLBID:1 /DYNAMICBASE /NXCOMPAT /IMPLIB:"E:\新建文件夹\PasswordInteraction\Debug\PasswordInteraction.lib" /MACHINE:X86 Debug\PasswordInteraction.res
         Debug\LeapMotion.obj
         Debug\MyListener.obj
         Debug\PasswordInteraction.obj
         Debug\stdafx.obj
         Debug\Timer.obj
         PasswordInteraction.vcxproj -> E:\新建文件夹\PasswordInteraction\Debug\PasswordInteraction.exe
     1>已完成生成项目“E:\新建文件夹\PasswordInteraction\PasswordInteraction\PasswordInteraction.vcxproj”(Build 个目标)的操作。

生成成功。

已用时间 00:00:02.30
